<?xml version="1.0" encoding="UTF-8"?>
<testsuite xmlns:xsi="http://www.w3.org/2001/XMLSchema-instance" xsi:noNamespaceSchemaLocation="https://maven.apache.org/surefire/maven-surefire-plugin/xsd/surefire-test-report.xsd" version="3.0.2" name="com.xugu.demo.it.DemoPersonCrudIT" time="10.922" tests="1" errors="0" skipped="0" failures="0">
  <properties>
[...]
</properties>
  <testcase name="persistAndFindPerson" classname="com.xugu.demo.it.DemoPersonCrudIT" time="4.482">
    <system-out><![CDATA[15:05:24.015 [main] INFO org.springframework.test.context.support.AnnotationConfigContextLoaderUtils -- Could not detect default configuration classes for test class [com.xugu.demo.it.DemoPersonCrudIT]: DemoPersonCrudIT does not declare any static, non-private, non-final, nested classes annotated with @Configuration.
15:05:24.144 [main] INFO org.springframework.boot.test.context.SpringBootTestContextBootstrapper -- Found @SpringBootConfiguration com.xugu.demo.DemoApplication for test class com.xugu.demo.it.DemoPersonCrudIT
15:05:24.245 [main] INFO org.springframework.test.context.support.AnnotationConfigContextLoaderUtils -- Could not detect default configuration classes for test class [com.xugu.demo.it.DemoPersonCrudIT]: DemoPersonCrudIT does not declare any static, non-private, non-final, nested classes annotated with @Configuration.
15:05:24.250 [main] INFO org.springframework.boot.test.context.SpringBootTestContextBootstrapper -- Found @SpringBootConfiguration com.xugu.demo.DemoApplication for test class com.xugu.demo.it.DemoPersonCrudIT

  .   ____          _            __ _ _
 /\\ / ___'_ __ _ _(_)_ __  __ _ \ \ \ \
( ( )\___ | '_ | '_| | '_ \/ _` | \ \ \ \
 \\/  ___)| |_)| | | | | || (_| |  ) ) ) )
  '  |____| .__|_| |_|_| |_\__, | / / / /
 =========|_|==============|___/=/_/_/_/

 :: Spring Boot ::                (v4.1.0)

2026-07-15T15:05:24.706+08:00  INFO 36772 --- [demo-spring-boot] [           main] com.xugu.demo.it.DemoPersonCrudIT        : Starting DemoPersonCrudIT using Java 21.0.1 with PID 36772 (started by admin in E:\Work\java\hibernate-test\demo-spring-boot)
2026-07-15T15:05:24.707+08:00  INFO 36772 --- [demo-spring-boot] [           main] com.xugu.demo.it.DemoPersonCrudIT        : No active profile set, falling back to 1 default profile: "default"
2026-07-15T15:05:25.228+08:00  INFO 36772 --- [demo-spring-boot] [           main] .s.d.r.c.RepositoryConfigurationDelegate : Bootstrapping Spring Data JPA repositories in DEFAULT mode.
2026-07-15T15:05:25.292+08:00  INFO 36772 --- [demo-spring-boot] [           main] .s.d.r.c.RepositoryConfigurationDelegate : Finished Spring Data repository scanning in 53 ms. Found 1 JPA repository interface.
2026-07-15T15:05:25.782+08:00  INFO 36772 --- [demo-spring-boot] [           main] org.hibernate.orm.jpa                    : HHH008540: Processing PersistenceUnitInfo [name: default]
2026-07-15T15:05:25.888+08:00  INFO 36772 --- [demo-spring-boot] [           main] org.hibernate.orm.core                   : HHH000001: Hibernate ORM core version 7.4.5.Final
2026-07-15T15:05:26.737+08:00  INFO 36772 --- [demo-spring-boot] [           main] o.s.o.j.p.SpringPersistenceUnitInfo      : No LoadTimeWeaver setup: ignoring JPA class transformer
2026-07-15T15:05:26.820+08:00  INFO 36772 --- [demo-spring-boot] [           main] com.zaxxer.hikari.HikariDataSource       : HikariPool-1 - Starting...
2026-07-15T15:05:26.963+08:00  INFO 36772 --- [demo-spring-boot] [           main] com.zaxxer.hikari.pool.HikariPool        : HikariPool-1 - Added connection com.xugu.cloudjdbc.Connection@67e11bda
2026-07-15T15:05:26.966+08:00  INFO 36772 --- [demo-spring-boot] [           main] com.zaxxer.hikari.HikariDataSource       : HikariPool-1 - Start completed.
2026-07-15T15:05:27.058+08:00  INFO 36772 --- [demo-spring-boot] [           main] org.hibernate.orm.connections.pooling    : HHH10001005: Database info:
	Database JDBC URL [jdbc:xugu://127.0.0.1:5138/SYSTEM?compatiblemode=NONE]
	Database driver: XuguDB JDBC Driver
	Database dialect: XuguDialect
	Database version: 12.0
	Default catalog/schema: SYSTEM/SYSDBA
	Autocommit mode: undefined/unknown
	Isolation level: READ_COMMITTED [default READ_COMMITTED]
	JDBC fetch size: 1000
	Pool: DataSourceConnectionProvider
	Minimum pool size: undefined/unknown
	Maximum pool size: undefined/unknown
2026-07-15T15:05:28.948+08:00  INFO 36772 --- [demo-spring-boot] [           main] org.hibernate.orm.core                   : HHH000489: No JTA platform available (set 'hibernate.transaction.jta.platform' to enable JTA platform integration)
Hibernate: create table hib_demo_person (id bigint identity(1,1), name varchar(128) not null, primary key (id))
2026-07-15T15:05:29.076+08:00  INFO 36772 --- [demo-spring-boot] [           main] j.LocalContainerEntityManagerFactoryBean : Initialized JPA EntityManagerFactory for persistence unit 'default'
2026-07-15T15:05:29.502+08:00  INFO 36772 --- [demo-spring-boot] [           main] o.s.d.j.r.query.QueryEnhancerFactories   : Hibernate is in classpath; If applicable, HQL parser will be used.
2026-07-15T15:05:30.127+08:00  INFO 36772 --- [demo-spring-boot] [           main] com.xugu.demo.it.DemoPersonCrudIT        : Started DemoPersonCrudIT in 5.814 seconds (process running for 7.235)
Hibernate: insert into hib_demo_person (name) values (?)
Hibernate: select dp1_0.id,dp1_0.name from hib_demo_person dp1_0 where dp1_0.id=?
Hibernate: select dp1_0.id,dp1_0.name from hib_demo_person dp1_0
]]></system-out>
    <system-err><![CDATA[Mockito is currently self-attaching to enable the inline-mock-maker. This will no longer work in future releases of the JDK. Please add Mockito as an agent to your build as described in Mockito's documentation: https://javadoc.io/doc/org.mockito/mockito-core/latest/org.mockito/org/mockito/Mockito.html#0.3
WARNING: A Java agent has been loaded dynamically (C:\Users\admin\.m2\repository\net\bytebuddy\byte-buddy-agent\1.18.10\byte-buddy-agent-1.18.10.jar)
WARNING: If a serviceability tool is in use, please run with -XX:+EnableDynamicAgentLoading to hide this warning
WARNING: If a serviceability tool is not in use, please run with -Djdk.instrument.traceUsage for more information
WARNING: Dynamic loading of agents will be disallowed by default in a future release
]]></system-err>
  </testcase>
</testsuite>