<?xml version="1.0" encoding="UTF-8"?>
<testsuite xmlns:xsi="http://www.w3.org/2001/XMLSchema-instance" xsi:noNamespaceSchemaLocation="https://maven.apache.org/surefire/maven-surefire-plugin/xsd/surefire-test-report.xsd" version="3.0.2" name="com.xugu.dialect.XuguFunctionRegistryTest" time="1.006" tests="5" errors="0" skipped="0" failures="0">
  <properties>
[...]
</properties>
  <testcase name="coreAnsiFunctionsRegistered" classname="com.xugu.dialect.XuguFunctionRegistryTest" time="0.001">
    <system-err><![CDATA[7月 15, 2026 10:53:50 上午 org.hibernate.Version logVersion
INFO: HHH000001: Hibernate ORM core version 7.4.5.Final
7月 15, 2026 10:53:51 上午 org.hibernate.engine.jdbc.env.internal.JdbcEnvironmentInitiator logConnectionInfo
INFO: HHH10001005: Database info:
	Database JDBC URL [undefined/unknown]
	Database driver: undefined/unknown
	Database dialect: XuguDialect
	Database version: 12.0
	Default catalog/schema: unknown/unknown
	Autocommit mode: undefined/unknown
	Isolation level: <unknown>
	JDBC fetch size: undefined/unknown
	Pool: undefined/unknown
	Minimum pool size: undefined/unknown
	Maximum pool size: undefined/unknown
7月 15, 2026 10:53:51 上午 org.hibernate.engine.transaction.jta.platform.internal.JtaPlatformInitiator initiateService
INFO: HHH000489: No JTA platform available (set 'hibernate.transaction.jta.platform' to enable JTA platform integration)
7月 15, 2026 10:53:51 上午 org.hibernate.engine.jdbc.connections.internal.ConnectionProviderInitiator instantiateNamedConnectionProvider
INFO: HHH102002: Instantiating explicit connection provider: com.xugu.dialect.support.OfflineConnectionProvider
]]></system-err>
  </testcase>
  <testcase name="jsonSubsetUsesStandardJsonValueNotMysqlDump" classname="com.xugu.dialect.XuguFunctionRegistryTest" time="0.002"/>
  <testcase name="unsupportedFunctionNotRegistered_negativeNote" classname="com.xugu.dialect.XuguFunctionRegistryTest" time="0.002"/>
  <testcase name="uuidPrimaryIsUuid" classname="com.xugu.dialect.XuguFunctionRegistryTest" time="0.004"/>
  <testcase name="listaggUsesNativeListaggFunction" classname="com.xugu.dialect.XuguFunctionRegistryTest" time="0.001"/>
</testsuite>