<?xml version="1.0" encoding="UTF-8"?>
<testsuite xmlns:xsi="http://www.w3.org/2001/XMLSchema-instance" xsi:noNamespaceSchemaLocation="https://maven.apache.org/surefire/maven-surefire-plugin/xsd/surefire-test-report.xsd" version="3.0.2" name="com.xugu.dialect.it.XuguReservedIdentityIT" time="0.602" tests="1" errors="0" skipped="0" failures="0">
  <properties>
[...]
</properties>
  <testcase name="identityPersistOnReservedTableOrderBackfillsId" classname="com.xugu.dialect.it.XuguReservedIdentityIT" time="0.601">
    <system-out><![CDATA[Hibernate: create table if not exists "order" (id integer identity(1,1), name varchar(64) not null, primary key (id))
Hibernate: insert into "order" (name) values (?)
Hibernate: select last_insert_id() from dual
Hibernate: drop table if exists "order"
]]></system-out>
    <system-err><![CDATA[7月 17, 2026 2:52:03 下午 org.hibernate.engine.jdbc.connections.internal.DriverManagerConnectionProvider configure
WARN: HHH10001002: Using built-in connection pool (not intended for production use)
7月 17, 2026 2:52:03 下午 org.hibernate.engine.jdbc.env.internal.JdbcEnvironmentInitiator logConnectionInfo
INFO: HHH10001005: Database info:
	Database JDBC URL [jdbc:xugu://127.0.0.1:5138/SYSTEM?user=SYSDBA&password=SYSDBA&compatiblemode=NONE]
	Database driver: XuguDB JDBC Driver
	Database dialect: XuguDialect
	Database version: 12.0
	Default catalog/schema: SYSTEM/SYSDBA
	Autocommit mode: false
	Isolation level: READ_COMMITTED
	JDBC fetch size: 1000
	Pool: DriverManagerConnectionProvider
	Minimum pool size: 1
	Maximum pool size: 20
7月 17, 2026 2:52:03 下午 org.hibernate.engine.transaction.jta.platform.internal.JtaPlatformInitiator initiateService
INFO: HHH000489: No JTA platform available (set 'hibernate.transaction.jta.platform' to enable JTA platform integration)
]]></system-err>
  </testcase>
</testsuite>