<?xml version="1.0" encoding="UTF-8"?>
<testsuite xmlns:xsi="http://www.w3.org/2001/XMLSchema-instance" xsi:noNamespaceSchemaLocation="https://maven.apache.org/surefire/maven-surefire-plugin/xsd/surefire-test-report.xsd" version="3.0.2" name="com.xugu.demo.it.DemoValidateStartupIT" time="0.51" tests="1" errors="0" skipped="0" failures="0">
  <properties>
[...]
</properties>
  <testcase name="validateStartupSucceedsWithPreCreatedSchema" classname="com.xugu.demo.it.DemoValidateStartupIT" time="0.013">
    <system-out><![CDATA[2026-07-18T23:53:15.026+08:00  INFO 1468 --- [demo-spring-boot] [           main] t.c.s.AnnotationConfigContextLoaderUtils : Could not detect default configuration classes for test class [com.xugu.demo.it.DemoValidateStartupIT]: DemoValidateStartupIT does not declare any static, non-private, non-final, nested classes annotated with @Configuration.
2026-07-18T23:53:15.027+08:00  INFO 1468 --- [demo-spring-boot] [           main] .b.t.c.SpringBootTestContextBootstrapper : Found @SpringBootConfiguration com.xugu.demo.DemoApplication for test class com.xugu.demo.it.DemoValidateStartupIT
2026-07-18T23:53:15.027+08:00  INFO 1468 --- [demo-spring-boot] [           main] t.c.s.AnnotationConfigContextLoaderUtils : Could not detect default configuration classes for test class [com.xugu.demo.it.DemoValidateStartupIT]: DemoValidateStartupIT does not declare any static, non-private, non-final, nested classes annotated with @Configuration.
2026-07-18T23:53:15.028+08:00  INFO 1468 --- [demo-spring-boot] [           main] .b.t.c.SpringBootTestContextBootstrapper : Found @SpringBootConfiguration com.xugu.demo.DemoApplication for test class com.xugu.demo.it.DemoValidateStartupIT

  .   ____          _            __ _ _
 /\\ / ___'_ __ _ _(_)_ __  __ _ \ \ \ \
( ( )\___ | '_ | '_| | '_ \/ _` | \ \ \ \
 \\/  ___)| |_)| | | | | || (_| |  ) ) ) )
  '  |____| .__|_| |_|_| |_\__, | / / / /
 =========|_|==============|___/=/_/_/_/

 :: Spring Boot ::                (v4.1.0)

2026-07-18T23:53:15.178+08:00  INFO 1468 --- [demo-spring-boot] [           main] com.xugu.demo.it.DemoValidateStartupIT   : Starting DemoValidateStartupIT using Java 21.0.1 with PID 1468 (started by admin in E:\Work\java\hibernate-test\demo-spring-boot)
2026-07-18T23:53:15.179+08:00  INFO 1468 --- [demo-spring-boot] [           main] com.xugu.demo.it.DemoValidateStartupIT   : No active profile set, falling back to 1 default profile: "default"
2026-07-18T23:53:15.268+08:00  INFO 1468 --- [demo-spring-boot] [           main] .s.d.r.c.RepositoryConfigurationDelegate : Bootstrapping Spring Data JPA repositories in DEFAULT mode.
2026-07-18T23:53:15.284+08:00  INFO 1468 --- [demo-spring-boot] [           main] .s.d.r.c.RepositoryConfigurationDelegate : Finished Spring Data repository scanning in 14 ms. Found 6 JPA repository interfaces.
2026-07-18T23:53:15.327+08:00  INFO 1468 --- [demo-spring-boot] [           main] org.hibernate.orm.jpa                    : HHH008540: Processing PersistenceUnitInfo [name: default]
2026-07-18T23:53:15.352+08:00  INFO 1468 --- [demo-spring-boot] [           main] o.s.o.j.p.SpringPersistenceUnitInfo      : No LoadTimeWeaver setup: ignoring JPA class transformer
2026-07-18T23:53:15.354+08:00  INFO 1468 --- [demo-spring-boot] [           main] com.zaxxer.hikari.HikariDataSource       : HikariPool-6 - Starting...
2026-07-18T23:53:15.359+08:00  INFO 1468 --- [demo-spring-boot] [           main] com.zaxxer.hikari.pool.HikariPool        : HikariPool-6 - Added connection com.xugu.cloudjdbc.Connection@7e9ffdff
2026-07-18T23:53:15.359+08:00  INFO 1468 --- [demo-spring-boot] [           main] com.zaxxer.hikari.HikariDataSource       : HikariPool-6 - Start completed.
2026-07-18T23:53:15.364+08:00  INFO 1468 --- [demo-spring-boot] [           main] org.hibernate.orm.connections.pooling    : HHH10001005: Database info:
	Database JDBC URL [jdbc:xugu://127.0.0.1:5138/SYSTEM?compatiblemode=NONE]
	Database driver: XuguDB JDBC Driver
	Database dialect: XuguDialect
	Database version: 12.0
	Default catalog/schema: SYSTEM/SYSDBA
	Autocommit mode: undefined/unknown
	Isolation level: READ_COMMITTED [default READ_COMMITTED]
	JDBC fetch size: 1000
	Pool: DataSourceConnectionProvider
	Minimum pool size: undefined/unknown
	Maximum pool size: undefined/unknown
2026-07-18T23:53:15.422+08:00  INFO 1468 --- [demo-spring-boot] [           main] org.hibernate.orm.core                   : HHH000489: No JTA platform available (set 'hibernate.transaction.jta.platform' to enable JTA platform integration)
2026-07-18T23:53:15.434+08:00  INFO 1468 --- [demo-spring-boot] [           main] j.LocalContainerEntityManagerFactoryBean : Initialized JPA EntityManagerFactory for persistence unit 'default'
2026-07-18T23:53:15.515+08:00  INFO 1468 --- [demo-spring-boot] [           main] com.xugu.demo.it.DemoValidateStartupIT   : Started DemoValidateStartupIT in 0.363 seconds (process running for 15.026)
Hibernate: insert into hib_demo_person (name) values (?)
Hibernate: select last_insert_id() from dual
Hibernate: select dp1_0.id,dp1_0.name from hib_demo_person dp1_0
]]></system-out>
  </testcase>
</testsuite>